2024-01-14 08:44:50,376 '/Users/chuluun/Desktop/testing/Miscellaneous' was created
2024-01-14 08:44:50,376 '/Users/chuluun/Downloads/exercises (3).md' was moved to '/Users/chuluun/Desktop/testing/Imperative Programming'
2024-01-14 08:44:50,376 '/Users/chuluun/Downloads/exercises (2).md' was moved to '/Users/chuluun/Desktop/testing/Imperative Programming'
2024-01-14 08:44:50,377 '/Users/chuluun/Downloads/exercises (1).md' was moved to '/Users/chuluun/Desktop/testing/Imperative Programming'
2024-01-14 08:44:50,377 '/Users/chuluun/Downloads/exercises (5).md' was moved to '/Users/chuluun/Desktop/testing/Imperative Programming'
2024-01-14 08:44:50,377 '/Users/chuluun/Downloads/BasicMath-Class-22 (1).pdf' was moved to '/Users/chuluun/Desktop/testing/Basic Math'
2024-01-14 08:44:50,377 Error occurred while moving '/Users/chuluun/Downloads/BasicMath-Class-20.pdf' to '/Users/chuluun/Desktop/testing/Basic Math'
2024-01-14 08:44:50,377 Error occurred while moving '/Users/chuluun/Downloads/BasicMath-Class-21.pdf' to '/Users/chuluun/Desktop/testing/Basic Math'
2024-01-14 08:44:50,377 '/Users/chuluun/Downloads/BasicMath-Class-20 (6).pdf' was moved to '/Users/chuluun/Desktop/testing/Basic Math'
2024-01-14 08:44:50,377 '/Users/chuluun/Downloads/exercises (4).md' was moved to '/Users/chuluun/Desktop/testing/Imperative Programming'
2024-01-14 08:44:50,377 '/Users/chuluun/Downloads/exercises (6).md' was moved to '/Users/chuluun/Desktop/testing/Imperative Programming'
2024-01-14 08:44:50,377 Error occurred while moving '/Users/chuluun/Downloads/BasicMath-Class-22.pdf' to '/Users/chuluun/Desktop/testing/Basic Math'
2024-01-14 08:44:50,377 '/Users/chuluun/Downloads/BasicMath-Class-20 (1).pdf' was moved to '/Users/chuluun/Desktop/testing/Basic Math'
2024-01-14 08:44:50,377 '/Users/chuluun/Downloads/exercises.md' was moved to '/Users/chuluun/Desktop/testing/Imperative Programming'
2024-01-14 08:44:50,378 '/Users/chuluun/Downloads/BasicMath-Class-20 (3).pdf' was moved to '/Users/chuluun/Desktop/testing/Basic Math'
2024-01-14 08:44:50,378 '/Users/chuluun/Downloads/BasicMath-Class-20 (2).pdf' was moved to '/Users/chuluun/Desktop/testing/Basic Math'
2024-01-14 08:44:50,378 '/Users/chuluun/Downloads/BasicMath-Class-20 (5).pdf' was moved to '/Users/chuluun/Desktop/testing/Basic Math'
2024-01-14 08:44:50,378 '/Users/chuluun/Downloads/BasicMath-Class-20 (4).pdf' was moved to '/Users/chuluun/Desktop/testing/Basic Math'
2024-01-14 08:44:57,875 Error occurred while moving '/Users/chuluun/Downloads/BasicMath-Class-20.pdf' to '/Users/chuluun/Desktop/testing/Basic Math'
2024-01-14 08:44:57,875 Error occurred while moving '/Users/chuluun/Downloads/BasicMath-Class-21.pdf' to '/Users/chuluun/Desktop/testing/Basic Math'
2024-01-14 08:44:57,875 Error occurred while moving '/Users/chuluun/Downloads/BasicMath-Class-22.pdf' to '/Users/chuluun/Desktop/testing/Basic Math'
