2024-02-16 08:42:07,985 Error occurred while moving '/Users/chuluun/Downloads/basicjava01-basics-slides.pdf' to '/Users/chuluun/Desktop/sem2/Programming Languages Le. & Pr.'
2024-02-16 08:42:46,787 '/Users/chuluun/Downloads/basicjava02-data representation-slides.pdf' was moved to '/Users/chuluun/Desktop/sem2/Programming Languages Le. & Pr.'
2024-02-16 10:13:51,982 '/Users/chuluun/Downloads/01.Proc-OOP.pdf' was moved to '/Users/chuluun/Desktop/sem2/Miscellaneous'
2024-02-16 10:19:01,029 '/Users/chuluun/Downloads/01.Proc-OOP.pdf' was moved to '/Users/chuluun/Desktop/sem2/Miscellaneous'
2024-02-16 12:53:40,673 '/Users/chuluun/Downloads/AlgDs1LectureNotes-2024-02-15.pdf' was moved to '/Users/chuluun/Desktop/sem2/Algorithms & Data Structures Pr.'
2024-02-19 14:17:14,073 '/Users/chuluun/Downloads/lecture-2.pdf' was moved to '/Users/chuluun/Desktop/sem2/Python Le.'
2024-02-21 09:24:22,226 '/Users/chuluun/Downloads/1.2.Bag.mkv' was moved to '/Users/chuluun/Desktop/sem2/OPP Le.'
2024-02-21 16:34:41,049 '/Users/chuluun/Downloads/Analysis1-practice2-Nemeth.pdf' was moved to '/Users/chuluun/Desktop/sem2/Analysis Pr.'
2024-02-21 17:53:34,714 '/Users/chuluun/Downloads/AnalysisI_practice_1_BG.pdf' was moved to '/Users/chuluun/Desktop/sem2/Analysis Pr.'
2024-02-22 12:19:07,274 Error occurred while moving '/Users/chuluun/Downloads/02.Instantiation.pdf' to '/Users/chuluun/Desktop/sem2/OPP Le.'
2024-02-22 12:19:08,281 Error occurred while moving '/Users/chuluun/Downloads/02.Instantiation.pdf' to '/Users/chuluun/Desktop/sem2/OPP Le.'
2024-02-23 17:30:29,467 '/Users/chuluun/Downloads/1.1.ProblemStatement (1).mkv' was moved to '/Users/chuluun/Desktop/sem2/OPP Le.'
2024-02-23 17:52:05,252 '/Users/chuluun/Downloads/1.1.ProblemStatement.mkv' was moved to '/Users/chuluun/Desktop/sem2/OPP Le.'
2024-02-23 18:16:07,128 '/Users/chuluun/Downloads/1.1.ProblemStatement.mkv' was moved to '/Users/chuluun/Desktop/sem2/OPP Le.'
2024-02-23 18:16:27,520 '/Users/chuluun/Downloads/1.2.Bag.mkv' was moved to '/Users/chuluun/Desktop/sem2/OPP Le.'
2024-02-23 18:16:39,559 '/Users/chuluun/Downloads/1.3.Code.mkv' was moved to '/Users/chuluun/Desktop/sem2/OPP Le.'
2024-02-23 18:17:34,974 '/Users/chuluun/Downloads/01.Bag.zip' was moved to '/Users/chuluun/Desktop/sem2/OPP Le.'
2024-02-23 18:18:48,795 '/Users/chuluun/Downloads/2.2 Polygon.mkv' was moved to '/Users/chuluun/Desktop/sem2/OPP Le.'
2024-02-23 18:18:48,796 '/Users/chuluun/Downloads/2.1 Point.mkv' was moved to '/Users/chuluun/Desktop/sem2/OPP Le.'
2024-02-23 18:25:44,171 OS error occured [Errno 93] Attribute not found: b'/Users/chuluun/Downloads/.com.google.Chrome.ab4biw'
2024-02-23 18:28:57,842 OS error occured '[Errno 93] Attribute not found: b'/Users/chuluun/Downloads/.com.google.Chrome.9Pz3Aj''
2024-02-23 18:29:02,887 '/Users/chuluun/Downloads/2.3 Main.mkv' was moved to '/Users/chuluun/Desktop/sem2/OPP Le.'
2024-02-23 18:34:27,014 '/Users/chuluun/Downloads/2.3 Main.mkv' was moved to '/Users/chuluun/Desktop/sem2/OPP Le.'
2024-02-23 18:35:23,199 Skipped /Users/chuluun/Downloads/.com.google.Chrome.NCEuQk
2024-02-23 18:35:29,247 '/Users/chuluun/Downloads/2.3 Main.mkv' was moved to '/Users/chuluun/Desktop/sem2/OPP Le.'
